Started: Fri Mar  6 23:28:50 CST 2026


[0;34m================================================================[0m
[0;34m   PHONON DISPERSION PIPELINE FOR Nb (BCC)[0m
[0;34m================================================================[0m
   Cores    : 6
   ecutwfc  : 70 Ry
   k-mesh   : 16x16x16
   q-mesh   : 4x4x4
   celldm(1): 6.2521 Bohr
[0;34m================================================================[0m

[1;33m[STEP 1/4] SCF calculation ...[0m
   [0;32mSCF converged![0m  Etot = -117.93303408 Ry  (31s)

[1;33m[STEP 2/4] Phonon calculation (ph.x) — this takes ~2-4 hrs ...[0m
   Started at: Fri Mar  6 23:29:21 CST 2026
   You can monitor progress with:
   tail -f results/phonon/Nb_ph.out

   [0;32mPhonon calculation complete![0m  (0 min)

[1;33m[STEP 3/4] q2r — Fourier transform to real space IFCs ...[0m
   [0;32mq2r complete![0m  IFC file: results/phonon/Nb.fc

[1;33m[STEP 4/4] matdyn — phonon dispersion along BCC path ...[0m
   [0;31mERROR: matdyn failed — check results/phonon/Nb_matdyn.out[0m

Finished: Fri Mar  6 23:29:21 CST 2026
FAILED with exit code 1 — check overnight_run.log
